
> vibe-generated-app@1.0.0 dev
> vite


  VITE v5.4.20  ready in 279 ms

  ➜  Local:   http://localhost:3000/
  ➜  Network: http://172.20.14.89:3000/
4:17:12 PM [vite] Pre-transform error: Transform failed with 1 error:
/home/workspace/src/components/Lessons.jsx:18:160: ERROR: Expected identifier but found "`\\n`"
4:17:14 PM [vite] Internal server error: Transform failed with 1 error:
/home/workspace/src/components/Lessons.jsx:18:160: ERROR: Expected identifier but found "`\\n`"
  Plugin: vite:esbuild
  File: /home/workspace/src/components/Lessons.jsx:18:160
  
  Expected identifier but found "`\\n`"
  16 |          <h3 className="font-semibold">1. Getting started</h3>
  17 |          <p>Install a C compiler (gcc) or use an online compiler. Learn about <strong>variables, data types, input/output</strong>.</p>
  18 |          <pre className="bg-slate-900 text-slate-100 p-3 rounded-md overflow-auto text-sm">// Hello world in C{`\n`}#include &lt;stdio.h&gt;{`\n\n`}int main() {{`\n`}  printf("Hello, world!\\n");{`\n`}  return 0;{`\n`}}{`\n`}</pre>
     |                                                                                                                                                                  ^
  19 |          <p className="text-sm text-slate-500">Tip: Click Copy then use an online compiler link below to run.</p>
  20 |          <div className="flex gap-2 mt-2">
  
      at failureErrorWithLog (/home/workspace/node_modules/esbuild/lib/main.js:1472:15)
      at /home/workspace/node_modules/esbuild/lib/main.js:755:50
      at responseCallbacks.<computed> (/home/workspace/node_modules/esbuild/lib/main.js:622:9)
      at handleIncomingPacket (/home/workspace/node_modules/esbuild/lib/main.js:677:12)
      at Socket.readFromStdout (/home/workspace/node_modules/esbuild/lib/main.js:600:7)
      at Socket.emit (node:events:508:28)
      at addChunk (node:internal/streams/readable:559:12)
      at readableAddChunkPushByteMode (node:internal/streams/readable:510:3)
      at Readable.push (node:internal/streams/readable:390:5)
      at Pipe.onStreamRead (node:internal/stream_base_commons:189:23)
4:17:41 PM [vite] Internal server error: Transform failed with 1 error:
/home/workspace/src/components/Lessons.jsx:18:160: ERROR: Expected identifier but found "`\\n`"
  Plugin: vite:esbuild
  File: /home/workspace/src/components/Lessons.jsx:18:160
  
  Expected identifier but found "`\\n`"
  16 |          <h3 className="font-semibold">1. Getting started</h3>
  17 |          <p>Install a C compiler (gcc) or use an online compiler. Learn about <strong>variables, data types, input/output</strong>.</p>
  18 |          <pre className="bg-slate-900 text-slate-100 p-3 rounded-md overflow-auto text-sm">// Hello world in C{`\n`}#include &lt;stdio.h&gt;{`\n\n`}int main() {{`\n`}  printf("Hello, world!\\n");{`\n`}  return 0;{`\n`}}{`\n`}</pre>
     |                                                                                                                                                                  ^
  19 |          <p className="text-sm text-slate-500">Tip: Click Copy then use an online compiler link below to run.</p>
  20 |          <div className="flex gap-2 mt-2">
  
      at failureErrorWithLog (/home/workspace/node_modules/esbuild/lib/main.js:1472:15)
      at /home/workspace/node_modules/esbuild/lib/main.js:755:50
      at responseCallbacks.<computed> (/home/workspace/node_modules/esbuild/lib/main.js:622:9)
      at handleIncomingPacket (/home/workspace/node_modules/esbuild/lib/main.js:677:12)
      at Socket.readFromStdout (/home/workspace/node_modules/esbuild/lib/main.js:600:7)
      at Socket.emit (node:events:508:28)
      at addChunk (node:internal/streams/readable:559:12)
      at readableAddChunkPushByteMode (node:internal/streams/readable:510:3)
      at Readable.push (node:internal/streams/readable:390:5)
      at Pipe.onStreamRead (node:internal/stream_base_commons:189:23)
4:18:08 PM [vite] Internal server error: Transform failed with 1 error:
/home/workspace/src/components/Lessons.jsx:18:160: ERROR: Expected identifier but found "`\\n`"
  Plugin: vite:esbuild
  File: /home/workspace/src/components/Lessons.jsx:18:160
  
  Expected identifier but found "`\\n`"
  16 |          <h3 className="font-semibold">1. Getting started</h3>
  17 |          <p>Install a C compiler (gcc) or use an online compiler. Learn about <strong>variables, data types, input/output</strong>.</p>
  18 |          <pre className="bg-slate-900 text-slate-100 p-3 rounded-md overflow-auto text-sm">// Hello world in C{`\n`}#include &lt;stdio.h&gt;{`\n\n`}int main() {{`\n`}  printf("Hello, world!\\n");{`\n`}  return 0;{`\n`}}{`\n`}</pre>
     |                                                                                                                                                                  ^
  19 |          <p className="text-sm text-slate-500">Tip: Click Copy then use an online compiler link below to run.</p>
  20 |          <div className="flex gap-2 mt-2">
  
      at failureErrorWithLog (/home/workspace/node_modules/esbuild/lib/main.js:1472:15)
      at /home/workspace/node_modules/esbuild/lib/main.js:755:50
      at responseCallbacks.<computed> (/home/workspace/node_modules/esbuild/lib/main.js:622:9)
      at handleIncomingPacket (/home/workspace/node_modules/esbuild/lib/main.js:677:12)
      at Socket.readFromStdout (/home/workspace/node_modules/esbuild/lib/main.js:600:7)
      at Socket.emit (node:events:508:28)
      at addChunk (node:internal/streams/readable:559:12)
      at readableAddChunkPushByteMode (node:internal/streams/readable:510:3)
      at Readable.push (node:internal/streams/readable:390:5)
      at Pipe.onStreamRead (node:internal/stream_base_commons:189:23)
